[0517/144053.242:ERROR:process_memory_win.cc(73)] ReadMemory at 0x7ff733c10000 of 64 bytes failed: Only part of a ReadProcessMemory or WriteProcessMemory request was completed. (0x12B)
[0517/144054.406:WARNING:pe_image_reader.cc(340)] could not read dos header from C:\Program Files (x86)\Google\Chrome\Application\chrome.exe
[0517/144054.406:ERROR:process_memory_win.cc(73)] ReadMemory at 0x7ffd49780000 of 64 bytes failed: Only part of a ReadProcessMemory or WriteProcessMemory request was completed. (0x12B)
[0517/144054.406:WARNING:pe_image_reader.cc(340)] could not read dos header from C:\windows\SYSTEM32\ntdll.dll
[0517/144054.406:ERROR:process_memory_win.cc(73)] ReadMemory at 0x7ffd49630000 of 64 bytes failed: Only part of a ReadProcessMemory or WriteProcessMemory request was completed. (0x12B)
[0517/144054.406:WARNING:pe_image_reader.cc(340)] could not read dos header from C:\windows\system32\KERNEL32.DLL
[0517/144054.406:ERROR:process_memory_win.cc(73)] ReadMemory at 0x7ffd46be0000 of 64 bytes failed: Only part of a ReadProcessMemory or WriteProcessMemory request was completed. (0x12B)
[0517/144054.407:WARNING:pe_image_reader.cc(340)] could not read dos header from C:\windows\system32\KERNELBASE.dll
[0517/144054.407:ERROR:process_memory_win.cc(73)] ReadMemory at 0x7ffd407c0000 of 64 bytes failed: Only part of a ReadProcessMemory or WriteProcessMemory request was completed. (0x12B)
[0517/144054.407:WARNING:pe_image_reader.cc(340)] could not read dos header from C:\Program Files (x86)\Google\Chrome\Application\81.0.4044.138\chrome_elf.dll
[0517/144054.407:ERROR:process_memory_win.cc(73)] ReadMemory at 0x7ffd45b70000 of 64 bytes failed: Only part of a ReadProcessMemory or WriteProcessMemory request was completed. (0x12B)
[0517/144054.407:WARNING:pe_image_reader.cc(340)] could not read dos header from C:\windows\SYSTEM32\VERSION.dll
[0517/144054.407:ERROR:process_memory_win.cc(73)] ReadMemory at 0x7ffd491d0000 of 64 bytes failed: Only part of a ReadProcessMemory or WriteProcessMemory request was completed. (0x12B)
[0517/144054.407:WARNING:pe_image_reader.cc(340)] could not read dos header from C:\windows\system32\msvcrt.dll
[0517/144054.407:ERROR:process_memory_win.cc(73)] ReadMemory at 0x7ffd48550000 of 64 bytes failed: Only part of a ReadProcessMemory or WriteProcessMemory request was completed. (0x12B)
[0517/144054.407:WARNING:pe_image_reader.cc(340)] could not read dos header from C:\windows\system32\ADVAPI32.dll
[0517/144054.407:ERROR:process_memory_win.cc(73)] ReadMemory at 0x7ffd48ec0000 of 64 bytes failed: Only part of a ReadProcessMemory or WriteProcessMemory request was completed. (0x12B)
[0517/144054.408:WARNING:pe_image_reader.cc(340)] could not read dos header from C:\windows\SYSTEM32\sechost.dll
[0517/144054.408:ERROR:process_memory_win.cc(73)] ReadMemory at 0x7ffd483a0000 of 64 bytes failed: Only part of a ReadProcessMemory or WriteProcessMemory request was completed. (0x12B)
[0517/144054.408:WARNING:pe_image_reader.cc(340)] could not read dos header from C:\windows\system32\RPCRT4.dll
[0517/144054.408:ERROR:process_memory_win.cc(73)] ReadMemory at 0x7ffd46980000 of 64 bytes failed: Only part of a ReadProcessMemory or WriteProcessMemory request was completed. (0x12B)
[0517/144054.408:WARNING:pe_image_reader.cc(340)] could not read dos header from C:\windows\system32\SspiCli.dll
[0517/144054.408:ERROR:process_memory_win.cc(73)] ReadMemory at 0x7ffd18eb0000 of 64 bytes failed: Only part of a ReadProcessMemory or WriteProcessMemory request was completed. (0x12B)
[0517/144054.408:WARNING:pe_image_reader.cc(340)] could not read dos header from C:\Program Files (x86)\Google\Chrome\Application\81.0.4044.138\chrome.dll
[0517/144054.408:ERROR:process_memory_win.cc(73)] ReadMemory at 0x7ffd46e10000 of 64 bytes failed: Only part of a ReadProcessMemory or WriteProcessMemory request was completed. (0x12B)
[0517/144054.408:WARNING:pe_image_reader.cc(340)] could not read dos header from C:\windows\system32\WS2_32.dll
[0517/144054.408:ERROR:process_memory_win.cc(73)] ReadMemory at 0x7ffd41010000 of 64 bytes failed: Only part of a ReadProcessMemory or WriteProcessMemory request was completed. (0x12B)
[0517/144054.562:WARNING:pe_image_reader.cc(340)] could not read dos header from C:\windows\SYSTEM32\IPHLPAPI.DLL
[0517/144054.562:ERROR:process_memory_win.cc(73)] ReadMemory at 0x7ffd49100000 of 64 bytes failed: Only part of a ReadProcessMemory or WriteProcessMemory request was completed. (0x12B)
[0517/144054.562:WARNING:pe_image_reader.cc(340)] could not read dos header from C:\windows\system32\OLEAUT32.dll
[0517/144054.562:ERROR:process_memory_win.cc(73)] ReadMemory at 0x7ffd3e8d0000 of 64 bytes failed: Only part of a ReadProcessMemory or WriteProcessMemory request was completed. (0x12B)
[0517/144054.562:WARNING:pe_image_reader.cc(340)] could not read dos header from C:\windows\SYSTEM32\WINMM.dll
[0517/144054.562:ERROR:process_memory_win.cc(73)] ReadMemory at 0x7ffd45b80000 of 64 bytes failed: Only part of a ReadProcessMemory or WriteProcessMemory request was completed. (0x12B)
[0517/144054.562:WARNING:pe_image_reader.cc(340)] could not read dos header from C:\windows\SYSTEM32\Secur32.dll
[0517/144054.563:ERROR:process_memory_win.cc(73)] ReadMemory at 0x7ffd45e70000 of 64 bytes failed: Only part of a ReadProcessMemory or WriteProcessMemory request was completed. (0x12B)
[0517/144054.563:WARNING:pe_image_reader.cc(340)] could not read dos header from C:\windows\SYSTEM32\USERENV.dll
[0517/144054.563:ERROR:process_memory_win.cc(73)] ReadMemory at 0x7ffd46d00000 of 64 bytes failed: Only part of a ReadProcessMemory or WriteProcessMemory request was completed. (0x12B)
[0517/144054.563:WARNING:pe_image_reader.cc(340)] could not read dos header from C:\windows\system32\WINTRUST.dll
[0517/144054.563:ERROR:process_memory_win.cc(73)] ReadMemory at 0x7ffd427c0000 of 64 bytes failed: Only part of a ReadProcessMemory or WriteProcessMemory request was completed. (0x12B)
[0517/144054.563:WARNING:pe_image_reader.cc(340)] could not read dos header from C:\windows\SYSTEM32\UIAutomationCore.DLL
[0517/144054.563:ERROR:process_memory_win.cc(73)] ReadMemory at 0x7ffd46a00000 of 64 bytes failed: Only part of a ReadProcessMemory or WriteProcessMemory request was completed. (0x12B)
[0517/144054.563:WARNING:pe_image_reader.cc(340)] could not read dos header from C:\windows\system32\CRYPT32.dll
[0517/144054.563:ERROR:process_memory_win.cc(73)] ReadMemory at 0x7ffd43510000 of 64 bytes failed: Only part of a ReadProcessMemory or WriteProcessMemory request was completed. (0x12B)
[0517/144054.563:WARNING:pe_image_reader.cc(340)] could not read dos header from C:\windows\SYSTEM32\DWrite.dll
[0517/144054.563:ERROR:process_memory_win.cc(73)] ReadMemory at 0x7ffd3c640000 of 64 bytes failed: Only part of a ReadProcessMemory or WriteProcessMemory request was completed. (0x12B)
[0517/144054.564:WARNING:pe_image_reader.cc(340)] could not read dos header from C:\windows\SYSTEM32\WINSPOOL.DRV
[0517/144054.564:ERROR:process_memory_win.cc(73)] ReadMemory at 0x7ffd44560000 of 64 bytes failed: Only part of a ReadProcessMemory or WriteProcessMemory request was completed. (0x12B)
[0517/144054.564:WARNING:pe_image_reader.cc(340)] could not read dos header from C:\windows\SYSTEM32\dbghelp.dll
[0517/144054.564:ERROR:process_memory_win.cc(73)] ReadMemory at 0x7ffd3c2a0000 of 64 bytes failed: Only part of a ReadProcessMemory or WriteProcessMemory request was completed. (0x12B)
[0517/144054.564:WARNING:pe_image_reader.cc(340)] could not read dos header from C:\windows\SYSTEM32\WINHTTP.dll
[0517/144054.564:ERROR:process_memory_win.cc(73)] ReadMemory at 0x7ffd40b80000 of 64 bytes failed: Only part of a ReadProcessMemory or WriteProcessMemory request was completed. (0x12B)
[0517/144054.564:WARNING:pe_image_reader.cc(340)] could not read dos header from C:\windows\SYSTEM32\dhcpcsvc.DLL
[0517/144054.564:ERROR:process_memory_win.cc(73)] ReadMemory at 0x7ffd48bd0000 of 64 bytes failed: Only part of a ReadProcessMemory or WriteProcessMemory request was completed. (0x12B)
[0517/144054.564:WARNING:pe_image_reader.cc(340)] could not read dos header from C:\windows\system32\NSI.dll
[0517/144054.564:ERROR:process_memory_win.cc(73)] ReadMemory at 0x7ffd41000000 of 64 bytes failed: Only part of a ReadProcessMemory or WriteProcessMemory request was completed. (0x12B)
[0517/144055.119:WARNING:pe_image_reader.cc(340)] could not read dos header from C:\windows\SYSTEM32\WINNSI.DLL
[0517/144055.119:ERROR:process_memory_win.cc(73)] ReadMemory at 0x7ffd487b0000 of 64 bytes failed: Only part of a ReadProcessMemory or WriteProcessMemory request was completed. (0x12B)
[0517/144055.119:WARNING:pe_image_reader.cc(340)] could not read dos header from C:\windows\system32\combase.dll
[0517/144055.119:ERROR:process_memory_win.cc(73)] ReadMemory at 0x7ffd3e8a0000 of 64 bytes failed: Only part of a ReadProcessMemory or WriteProcessMemory request was completed. (0x12B)
[0517/144055.119:WARNING:pe_image_reader.cc(340)] could not read dos header from C:\windows\SYSTEM32\WINMMBASE.dll
[0517/144055.119:ERROR:process_memory_win.cc(73)] ReadMemory at 0x7ffd48be0000 of 64 bytes failed: Only part of a ReadProcessMemory or WriteProcessMemory request was completed. (0x12B)
[0517/144055.119:WARNING:pe_image_reader.cc(340)] could not read dos header from C:\windows\system32\USER32.dll
[0517/144055.119:ERROR:process_memory_win.cc(73)] ReadMemory at 0x7ffd468b0000 of 64 bytes failed: Only part of a ReadProcessMemory or WriteProcessMemory request was completed. (0x12B)
[0517/144055.119:WARNING:pe_image_reader.cc(340)] could not read dos header from C:\windows\SYSTEM32\profapi.dll
[0517/144055.119:ERROR:process_memory_win.cc(73)] ReadMemory at 0x7ffd46960000 of 64 bytes failed: Only part of a ReadProcessMemory or WriteProcessMemory request was completed. (0x12B)
[0517/144055.120:WARNING:pe_image_reader.cc(340)] could not read dos header from C:\windows\system32\MSASN1.dll
[0517/144055.120:ERROR:process_memory_win.cc(73)] ReadMemory at 0x7ffd469b0000 of 64 bytes failed: Only part of a ReadProcessMemory or WriteProcessMemory request was completed. (0x12B)
[0517/144055.120:WARNING:pe_image_reader.cc(340)] could not read dos header from C:\windows\SYSTEM32\cfgmgr32.dll
[0517/144055.120:ERROR:process_memory_win.cc(73)] ReadMemory at 0x7ffd45470000 of 64 bytes failed: Only part of a ReadProcessMemory or WriteProcessMemory request was completed. (0x12B)
[0517/144055.120:WARNING:pe_image_reader.cc(340)] could not read dos header from C:\windows\SYSTEM32\DEVOBJ.dll
[0517/144055.120:ERROR:process_memory_win.cc(73)] ReadMemory at 0x7ffd48660000 of 64 bytes failed: Only part of a ReadProcessMemory or WriteProcessMemory request was completed. (0x12B)
[0517/144055.120:WARNING:pe_image_reader.cc(340)] could not read dos header from C:\windows\system32\GDI32.dll
[0517/144055.120:ERROR:process_memory_win.cc(73)] ReadMemory at 0x636a240000 of 64 bytes failed: Only part of a ReadProcessMemory or WriteProcessMemory request was completed. (0x12B)
[0517/144055.120:WARNING:pe_image_reader.cc(340)] could not read dos header from C:\windows\system32\IMM32.DLL
[0517/144055.120:ERROR:process_memory_win.cc(73)] ReadMemory at 0x636a8e0000 of 64 bytes failed: Only part of a ReadProcessMemory or WriteProcessMemory request was completed. (0x12B)
[0517/144055.121:WARNING:pe_image_reader.cc(340)] could not read dos header from C:\windows\system32\MSCTF.dll
[0517/144055.121:ERROR:process_memory_win.cc(73)] ReadMemory at 0x7ffd46780000 of 64 bytes failed: Only part of a ReadProcessMemory or WriteProcessMemory request was completed. (0x12B)
[0517/144055.121:WARNING:pe_image_reader.cc(340)] could not read dos header from C:\windows\SYSTEM32\CRYPTBASE.DLL
[0517/144055.121:ERROR:process_memory_win.cc(73)] ReadMemory at 0x7ffd46710000 of 64 bytes failed: Only part of a ReadProcessMemory or WriteProcessMemory request was completed. (0x12B)
[0517/144055.121:WARNING:pe_image_reader.cc(340)] could not read dos header from C:\windows\SYSTEM32\bcryptPrimitives.dll
[0517/144055.126:ERROR:process_memory_win.cc(73)] ReadMemory at 0x7ff733c10000 of 64 bytes failed: Only part of a ReadProcessMemory or WriteProcessMemory request was completed. (0x12B)
[0517/144055.126:WARNING:pe_image_reader.cc(340)] could not read dos header from C:\Program Files (x86)\Google\Chrome\Application\chrome.exe
[0517/144055.126:ERROR:process_memory_win.cc(73)] ReadMemory at 0x7ffd49780000 of 64 bytes failed: Only part of a ReadProcessMemory or WriteProcessMemory request was completed. (0x12B)
[0517/144055.126:WARNING:pe_image_reader.cc(340)] could not read dos header from C:\windows\SYSTEM32\ntdll.dll
[0517/144055.126:ERROR:process_memory_win.cc(73)] ReadMemory at 0x7ffd49630000 of 64 bytes failed: Only part of a ReadProcessMemory or WriteProcessMemory request was completed. (0x12B)
[0517/144055.127:WARNING:pe_image_reader.cc(340)] could not read dos header from C:\windows\system32\KERNEL32.DLL
[0517/144055.127:ERROR:process_memory_win.cc(73)] ReadMemory at 0x7ffd46be0000 of 64 bytes failed: Only part of a ReadProcessMemory or WriteProcessMemory request was completed. (0x12B)
[0517/144055.127:WARNING:pe_image_reader.cc(340)] could not read dos header from C:\windows\system32\KERNELBASE.dll
[0517/144055.127:ERROR:process_memory_win.cc(73)] ReadMemory at 0x7ffd407c0000 of 64 bytes failed: Only part of a ReadProcessMemory or WriteProcessMemory request was completed. (0x12B)
[0517/144055.127:WARNING:pe_image_reader.cc(340)] could not read dos header from C:\Program Files (x86)\Google\Chrome\Application\81.0.4044.138\chrome_elf.dll
[0517/144055.127:ERROR:process_memory_win.cc(73)] ReadMemory at 0x7ffd45b70000 of 64 bytes failed: Only part of a ReadProcessMemory or WriteProcessMemory request was completed. (0x12B)
[0517/144055.127:WARNING:pe_image_reader.cc(340)] could not read dos header from C:\windows\SYSTEM32\VERSION.dll
[0517/144055.127:ERROR:process_memory_win.cc(73)] ReadMemory at 0x7ffd491d0000 of 64 bytes failed: Only part of a ReadProcessMemory or WriteProcessMemory request was completed. (0x12B)
[0517/144055.127:WARNING:pe_image_reader.cc(340)] could not read dos header from C:\windows\system32\msvcrt.dll
[0517/144055.128:ERROR:process_memory_win.cc(73)] ReadMemory at 0x7ffd48550000 of 64 bytes failed: Only part of a ReadProcessMemory or WriteProcessMemory request was completed. (0x12B)
[0517/144055.128:WARNING:pe_image_reader.cc(340)] could not read dos header from C:\windows\system32\ADVAPI32.dll
[0517/144055.128:ERROR:process_memory_win.cc(73)] ReadMemory at 0x7ffd48ec0000 of 64 bytes failed: Only part of a ReadProcessMemory or WriteProcessMemory request was completed. (0x12B)
[0517/144055.128:WARNING:pe_image_reader.cc(340)] could not read dos header from C:\windows\SYSTEM32\sechost.dll
[0517/144055.128:ERROR:process_memory_win.cc(73)] ReadMemory at 0x7ffd483a0000 of 64 bytes failed: Only part of a ReadProcessMemory or WriteProcessMemory request was completed. (0x12B)
[0517/144055.128:WARNING:pe_image_reader.cc(340)] could not read dos header from C:\windows\system32\RPCRT4.dll
[0517/144055.128:ERROR:process_memory_win.cc(73)] ReadMemory at 0x7ffd46980000 of 64 bytes failed: Only part of a ReadProcessMemory or WriteProcessMemory request was completed. (0x12B)
[0517/144055.128:WARNING:pe_image_reader.cc(340)] could not read dos header from C:\windows\system32\SspiCli.dll
[0517/144055.128:ERROR:process_memory_win.cc(73)] ReadMemory at 0x7ffd18eb0000 of 64 bytes failed: Only part of a ReadProcessMemory or WriteProcessMemory request was completed. (0x12B)
[0517/144055.128:WARNING:pe_image_reader.cc(340)] could not read dos header from C:\Program Files (x86)\Google\Chrome\Application\81.0.4044.138\chrome.dll
[0517/144055.129:ERROR:process_memory_win.cc(73)] ReadMemory at 0x7ffd46e10000 of 64 bytes failed: Only part of a ReadProcessMemory or WriteProcessMemory request was completed. (0x12B)
[0517/144055.129:WARNING:pe_image_reader.cc(340)] could not read dos header from C:\windows\system32\WS2_32.dll
[0517/144055.129:ERROR:process_memory_win.cc(73)] ReadMemory at 0x7ffd41010000 of 64 bytes failed: Only part of a ReadProcessMemory or WriteProcessMemory request was completed. (0x12B)
[0517/144055.129:WARNING:pe_image_reader.cc(340)] could not read dos header from C:\windows\SYSTEM32\IPHLPAPI.DLL
[0517/144055.129:ERROR:process_memory_win.cc(73)] ReadMemory at 0x7ffd49100000 of 64 bytes failed: Only part of a ReadProcessMemory or WriteProcessMemory request was completed. (0x12B)
[0517/144055.130:WARNING:pe_image_reader.cc(340)] could not read dos header from C:\windows\system32\OLEAUT32.dll
[0517/144055.130:ERROR:process_memory_win.cc(73)] ReadMemory at 0x7ffd3e8d0000 of 64 bytes failed: Only part of a ReadProcessMemory or WriteProcessMemory request was completed. (0x12B)
[0517/144055.130:WARNING:pe_image_reader.cc(340)] could not read dos header from C:\windows\SYSTEM32\WINMM.dll
[0517/144055.130:ERROR:process_memory_win.cc(73)] ReadMemory at 0x7ffd45b80000 of 64 bytes failed: Only part of a ReadProcessMemory or WriteProcessMemory request was completed. (0x12B)
[0517/144055.130:WARNING:pe_image_reader.cc(340)] could not read dos header from C:\windows\SYSTEM32\Secur32.dll
[0517/144055.130:ERROR:process_memory_win.cc(73)] ReadMemory at 0x7ffd45e70000 of 64 bytes failed: Only part of a ReadProcessMemory or WriteProcessMemory request was completed. (0x12B)
[0517/144055.130:WARNING:pe_image_reader.cc(340)] could not read dos header from C:\windows\SYSTEM32\USERENV.dll
[0517/144055.130:ERROR:process_memory_win.cc(73)] ReadMemory at 0x7ffd46d00000 of 64 bytes failed: Only part of a ReadProcessMemory or WriteProcessMemory request was completed. (0x12B)
[0517/144055.130:WARNING:pe_image_reader.cc(340)] could not read dos header from C:\windows\system32\WINTRUST.dll
[0517/144055.130:ERROR:process_memory_win.cc(73)] ReadMemory at 0x7ffd427c0000 of 64 bytes failed: Only part of a ReadProcessMemory or WriteProcessMemory request was completed. (0x12B)
[0517/144055.131:WARNING:pe_image_reader.cc(340)] could not read dos header from C:\windows\SYSTEM32\UIAutomationCore.DLL
[0517/144055.131:ERROR:process_memory_win.cc(73)] ReadMemory at 0x7ffd46a00000 of 64 bytes failed: Only part of a ReadProcessMemory or WriteProcessMemory request was completed. (0x12B)
[0517/144055.131:WARNING:pe_image_reader.cc(340)] could not read dos header from C:\windows\system32\CRYPT32.dll
[0517/144055.131:ERROR:process_memory_win.cc(73)] ReadMemory at 0x7ffd43510000 of 64 bytes failed: Only part of a ReadProcessMemory or WriteProcessMemory request was completed. (0x12B)
[0517/144055.131:WARNING:pe_image_reader.cc(340)] could not read dos header from C:\windows\SYSTEM32\DWrite.dll
[0517/144055.131:ERROR:process_memory_win.cc(73)] ReadMemory at 0x7ffd3c640000 of 64 bytes failed: Only part of a ReadProcessMemory or WriteProcessMemory request was completed. (0x12B)
[0517/144055.131:WARNING:pe_image_reader.cc(340)] could not read dos header from C:\windows\SYSTEM32\WINSPOOL.DRV
[0517/144055.131:ERROR:process_memory_win.cc(73)] ReadMemory at 0x7ffd44560000 of 64 bytes failed: Only part of a ReadProcessMemory or WriteProcessMemory request was completed. (0x12B)
[0517/144055.131:WARNING:pe_image_reader.cc(340)] could not read dos header from C:\windows\SYSTEM32\dbghelp.dll
[0517/144055.131:ERROR:process_memory_win.cc(73)] ReadMemory at 0x7ffd3c2a0000 of 64 bytes failed: Only part of a ReadProcessMemory or WriteProcessMemory request was completed. (0x12B)
[0517/144055.132:WARNING:pe_image_reader.cc(340)] could not read dos header from C:\windows\SYSTEM32\WINHTTP.dll
[0517/144055.132:ERROR:process_memory_win.cc(73)] ReadMemory at 0x7ffd40b80000 of 64 bytes failed: Only part of a ReadProcessMemory or WriteProcessMemory request was completed. (0x12B)
[0517/144055.132:WARNING:pe_image_reader.cc(340)] could not read dos header from C:\windows\SYSTEM32\dhcpcsvc.DLL
[0517/144055.132:ERROR:process_memory_win.cc(73)] ReadMemory at 0x7ffd48bd0000 of 64 bytes failed: Only part of a ReadProcessMemory or WriteProcessMemory request was completed. (0x12B)
[0517/144055.132:WARNING:pe_image_reader.cc(340)] could not read dos header from C:\windows\system32\NSI.dll
[0517/144055.132:ERROR:process_memory_win.cc(73)] ReadMemory at 0x7ffd41000000 of 64 bytes failed: Only part of a ReadProcessMemory or WriteProcessMemory request was completed. (0x12B)
[0517/144055.132:WARNING:pe_image_reader.cc(340)] could not read dos header from C:\windows\SYSTEM32\WINNSI.DLL
[0517/144055.132:ERROR:process_memory_win.cc(73)] ReadMemory at 0x7ffd487b0000 of 64 bytes failed: Only part of a ReadProcessMemory or WriteProcessMemory request was completed. (0x12B)
[0517/144055.132:WARNING:pe_image_reader.cc(340)] could not read dos header from C:\windows\system32\combase.dll
[0517/144055.132:ERROR:process_memory_win.cc(73)] ReadMemory at 0x7ffd3e8a0000 of 64 bytes failed: Only part of a ReadProcessMemory or WriteProcessMemory request was completed. (0x12B)
[0517/144055.133:WARNING:pe_image_reader.cc(340)] could not read dos header from C:\windows\SYSTEM32\WINMMBASE.dll
[0517/144055.133:ERROR:process_memory_win.cc(73)] ReadMemory at 0x7ffd48be0000 of 64 bytes failed: Only part of a ReadProcessMemory or WriteProcessMemory request was completed. (0x12B)
[0517/144055.133:WARNING:pe_image_reader.cc(340)] could not read dos header from C:\windows\system32\USER32.dll
[0517/144055.133:ERROR:process_memory_win.cc(73)] ReadMemory at 0x7ffd468b0000 of 64 bytes failed: Only part of a ReadProcessMemory or WriteProcessMemory request was completed. (0x12B)
[0517/144055.133:WARNING:pe_image_reader.cc(340)] could not read dos header from C:\windows\SYSTEM32\profapi.dll
[0517/144055.133:ERROR:process_memory_win.cc(73)] ReadMemory at 0x7ffd46960000 of 64 bytes failed: Only part of a ReadProcessMemory or WriteProcessMemory request was completed. (0x12B)
[0517/144055.133:WARNING:pe_image_reader.cc(340)] could not read dos header from C:\windows\system32\MSASN1.dll
[0517/144055.133:ERROR:process_memory_win.cc(73)] ReadMemory at 0x7ffd469b0000 of 64 bytes failed: Only part of a ReadProcessMemory or WriteProcessMemory request was completed. (0x12B)
[0517/144055.133:WARNING:pe_image_reader.cc(340)] could not read dos header from C:\windows\SYSTEM32\cfgmgr32.dll
[0517/144055.133:ERROR:process_memory_win.cc(73)] ReadMemory at 0x7ffd45470000 of 64 bytes failed: Only part of a ReadProcessMemory or WriteProcessMemory request was completed. (0x12B)
[0517/144055.134:WARNING:pe_image_reader.cc(340)] could not read dos header from C:\windows\SYSTEM32\DEVOBJ.dll
[0517/144055.134:ERROR:process_memory_win.cc(73)] ReadMemory at 0x7ffd48660000 of 64 bytes failed: Only part of a ReadProcessMemory or WriteProcessMemory request was completed. (0x12B)
[0517/144055.134:WARNING:pe_image_reader.cc(340)] could not read dos header from C:\windows\system32\GDI32.dll
[0517/144055.134:ERROR:process_memory_win.cc(73)] ReadMemory at 0x636a240000 of 64 bytes failed: Only part of a ReadProcessMemory or WriteProcessMemory request was completed. (0x12B)
[0517/144055.134:WARNING:pe_image_reader.cc(340)] could not read dos header from C:\windows\system32\IMM32.DLL
[0517/144055.134:ERROR:process_memory_win.cc(73)] ReadMemory at 0x636a8e0000 of 64 bytes failed: Only part of a ReadProcessMemory or WriteProcessMemory request was completed. (0x12B)
[0517/144055.134:WARNING:pe_image_reader.cc(340)] could not read dos header from C:\windows\system32\MSCTF.dll
[0517/144055.134:ERROR:process_memory_win.cc(73)] ReadMemory at 0x7ffd46780000 of 64 bytes failed: Only part of a ReadProcessMemory or WriteProcessMemory request was completed. (0x12B)
[0517/144055.135:WARNING:pe_image_reader.cc(340)] could not read dos header from C:\windows\SYSTEM32\CRYPTBASE.DLL
[0517/144055.135:ERROR:process_memory_win.cc(73)] ReadMemory at 0x7ffd46710000 of 64 bytes failed: Only part of a ReadProcessMemory or WriteProcessMemory request was completed. (0x12B)
[0517/144055.135:WARNING:pe_image_reader.cc(340)] could not read dos header from C:\windows\SYSTEM32\bcryptPrimitives.dll
[0517/144055.135:ERROR:process_memory_win.cc(73)] ReadMemory at 0x7ff733c10000 of 64 bytes failed: Only part of a ReadProcessMemory or WriteProcessMemory request was completed. (0x12B)
[0517/144055.135:WARNING:pe_image_reader.cc(340)] could not read dos header from C:\Program Files (x86)\Google\Chrome\Application\chrome.exe
[0517/144055.135:ERROR:process_memory_win.cc(73)] ReadMemory at 0x7ffd49780000 of 64 bytes failed: Only part of a ReadProcessMemory or WriteProcessMemory request was completed. (0x12B)
[0517/144055.135:WARNING:pe_image_reader.cc(340)] could not read dos header from C:\windows\SYSTEM32\ntdll.dll
[0517/144055.135:ERROR:process_memory_win.cc(73)] ReadMemory at 0x7ffd49630000 of 64 bytes failed: Only part of a ReadProcessMemory or WriteProcessMemory request was completed. (0x12B)
[0517/144055.135:WARNING:pe_image_reader.cc(340)] could not read dos header from C:\windows\system32\KERNEL32.DLL
[0517/144055.135:ERROR:process_memory_win.cc(73)] ReadMemory at 0x7ffd46be0000 of 64 bytes failed: Only part of a ReadProcessMemory or WriteProcessMemory request was completed. (0x12B)
[0517/144055.136:WARNING:pe_image_reader.cc(340)] could not read dos header from C:\windows\system32\KERNELBASE.dll
[0517/144055.136:ERROR:process_memory_win.cc(73)] ReadMemory at 0x7ffd407c0000 of 64 bytes failed: Only part of a ReadProcessMemory or WriteProcessMemory request was completed. (0x12B)
[0517/144055.136:WARNING:pe_image_reader.cc(340)] could not read dos header from C:\Program Files (x86)\Google\Chrome\Application\81.0.4044.138\chrome_elf.dll
[0517/144055.136:ERROR:process_memory_win.cc(73)] ReadMemory at 0x7ffd45b70000 of 64 bytes failed: Only part of a ReadProcessMemory or WriteProcessMemory request was completed. (0x12B)
[0517/144055.136:WARNING:pe_image_reader.cc(340)] could not read dos header from C:\windows\SYSTEM32\VERSION.dll
[0517/144055.136:ERROR:process_memory_win.cc(73)] ReadMemory at 0x7ffd491d0000 of 64 bytes failed: Only part of a ReadProcessMemory or WriteProcessMemory request was completed. (0x12B)
[0517/144055.136:WARNING:pe_image_reader.cc(340)] could not read dos header from C:\windows\system32\msvcrt.dll
[0517/144055.136:ERROR:process_memory_win.cc(73)] ReadMemory at 0x7ffd48550000 of 64 bytes failed: Only part of a ReadProcessMemory or WriteProcessMemory request was completed. (0x12B)
[0517/144055.136:WARNING:pe_image_reader.cc(340)] could not read dos header from C:\windows\system32\ADVAPI32.dll
[0517/144055.136:ERROR:process_memory_win.cc(73)] ReadMemory at 0x7ffd48ec0000 of 64 bytes failed: Only part of a ReadProcessMemory or WriteProcessMemory request was completed. (0x12B)
[0517/144055.137:WARNING:pe_image_reader.cc(340)] could not read dos header from C:\windows\SYSTEM32\sechost.dll
[0517/144055.137:ERROR:process_memory_win.cc(73)] ReadMemory at 0x7ffd483a0000 of 64 bytes failed: Only part of a ReadProcessMemory or WriteProcessMemory request was completed. (0x12B)
[0517/144055.137:WARNING:pe_image_reader.cc(340)] could not read dos header from C:\windows\system32\RPCRT4.dll
[0517/144055.137:ERROR:process_memory_win.cc(73)] ReadMemory at 0x7ffd46980000 of 64 bytes failed: Only part of a ReadProcessMemory or WriteProcessMemory request was completed. (0x12B)
[0517/144055.137:WARNING:pe_image_reader.cc(340)] could not read dos header from C:\windows\system32\SspiCli.dll
[0517/144055.137:ERROR:process_memory_win.cc(73)] ReadMemory at 0x7ffd18eb0000 of 64 bytes failed: Only part of a ReadProcessMemory or WriteProcessMemory request was completed. (0x12B)
[0517/144055.137:WARNING:pe_image_reader.cc(340)] could not read dos header from C:\Program Files (x86)\Google\Chrome\Application\81.0.4044.138\chrome.dll
[0517/144055.137:ERROR:process_memory_win.cc(73)] ReadMemory at 0x7ffd46e10000 of 64 bytes failed: Only part of a ReadProcessMemory or WriteProcessMemory request was completed. (0x12B)
[0517/144055.137:WARNING:pe_image_reader.cc(340)] could not read dos header from C:\windows\system32\WS2_32.dll
[0517/144055.137:ERROR:process_memory_win.cc(73)] ReadMemory at 0x7ffd41010000 of 64 bytes failed: Only part of a ReadProcessMemory or WriteProcessMemory request was completed. (0x12B)
[0517/144055.138:WARNING:pe_image_reader.cc(340)] could not read dos header from C:\windows\SYSTEM32\IPHLPAPI.DLL
[0517/144055.138:ERROR:process_memory_win.cc(73)] ReadMemory at 0x7ffd49100000 of 64 bytes failed: Only part of a ReadProcessMemory or WriteProcessMemory request was completed. (0x12B)
[0517/144055.138:WARNING:pe_image_reader.cc(340)] could not read dos header from C:\windows\system32\OLEAUT32.dll
[0517/144055.138:ERROR:process_memory_win.cc(73)] ReadMemory at 0x7ffd3e8d0000 of 64 bytes failed: Only part of a ReadProcessMemory or WriteProcessMemory request was completed. (0x12B)
[0517/144055.138:WARNING:pe_image_reader.cc(340)] could not read dos header from C:\windows\SYSTEM32\WINMM.dll
[0517/144055.138:ERROR:process_memory_win.cc(73)] ReadMemory at 0x7ffd45b80000 of 64 bytes failed: Only part of a ReadProcessMemory or WriteProcessMemory request was completed. (0x12B)
[0517/144055.138:WARNING:pe_image_reader.cc(340)] could not read dos header from C:\windows\SYSTEM32\Secur32.dll
[0517/144055.138:ERROR:process_memory_win.cc(73)] ReadMemory at 0x7ffd45e70000 of 64 bytes failed: Only part of a ReadProcessMemory or WriteProcessMemory request was completed. (0x12B)
[0517/144055.138:WARNING:pe_image_reader.cc(340)] could not read dos header from C:\windows\SYSTEM32\USERENV.dll
[0517/144055.138:ERROR:process_memory_win.cc(73)] ReadMemory at 0x7ffd46d00000 of 64 bytes failed: Only part of a ReadProcessMemory or WriteProcessMemory request was completed. (0x12B)
[0517/144055.139:WARNING:pe_image_reader.cc(340)] could not read dos header from C:\windows\system32\WINTRUST.dll
[0517/144055.139:ERROR:process_memory_win.cc(73)] ReadMemory at 0x7ffd427c0000 of 64 bytes failed: Only part of a ReadProcessMemory or WriteProcessMemory request was completed. (0x12B)
[0517/144055.139:WARNING:pe_image_reader.cc(340)] could not read dos header from C:\windows\SYSTEM32\UIAutomationCore.DLL
[0517/144055.139:ERROR:process_memory_win.cc(73)] ReadMemory at 0x7ffd46a00000 of 64 bytes failed: Only part of a ReadProcessMemory or WriteProcessMemory request was completed. (0x12B)
[0517/144055.139:WARNING:pe_image_reader.cc(340)] could not read dos header from C:\windows\system32\CRYPT32.dll
[0517/144055.139:ERROR:process_memory_win.cc(73)] ReadMemory at 0x7ffd43510000 of 64 bytes failed: Only part of a ReadProcessMemory or WriteProcessMemory request was completed. (0x12B)
[0517/144055.139:WARNING:pe_image_reader.cc(340)] could not read dos header from C:\windows\SYSTEM32\DWrite.dll
[0517/144055.139:ERROR:process_memory_win.cc(73)] ReadMemory at 0x7ffd3c640000 of 64 bytes failed: Only part of a ReadProcessMemory or WriteProcessMemory request was completed. (0x12B)
[0517/144055.139:WARNING:pe_image_reader.cc(340)] could not read dos header from C:\windows\SYSTEM32\WINSPOOL.DRV
[0517/144055.139:ERROR:process_memory_win.cc(73)] ReadMemory at 0x7ffd44560000 of 64 bytes failed: Only part of a ReadProcessMemory or WriteProcessMemory request was completed. (0x12B)
[0517/144055.139:WARNING:pe_image_reader.cc(340)] could not read dos header from C:\windows\SYSTEM32\dbghelp.dll
[0517/144055.140:ERROR:process_memory_win.cc(73)] ReadMemory at 0x7ffd3c2a0000 of 64 bytes failed: Only part of a ReadProcessMemory or WriteProcessMemory request was completed. (0x12B)
[0517/144055.140:WARNING:pe_image_reader.cc(340)] could not read dos header from C:\windows\SYSTEM32\WINHTTP.dll
[0517/144055.140:ERROR:process_memory_win.cc(73)] ReadMemory at 0x7ffd40b80000 of 64 bytes failed: Only part of a ReadProcessMemory or WriteProcessMemory request was completed. (0x12B)
[0517/144055.140:WARNING:pe_image_reader.cc(340)] could not read dos header from C:\windows\SYSTEM32\dhcpcsvc.DLL
[0517/144055.140:ERROR:process_memory_win.cc(73)] ReadMemory at 0x7ffd48bd0000 of 64 bytes failed: Only part of a ReadProcessMemory or WriteProcessMemory request was completed. (0x12B)
[0517/144055.140:WARNING:pe_image_reader.cc(340)] could not read dos header from C:\windows\system32\NSI.dll
[0517/144055.140:ERROR:process_memory_win.cc(73)] ReadMemory at 0x7ffd41000000 of 64 bytes failed: Only part of a ReadProcessMemory or WriteProcessMemory request was completed. (0x12B)
[0517/144055.140:WARNING:pe_image_reader.cc(340)] could not read dos header from C:\windows\SYSTEM32\WINNSI.DLL
[0517/144055.140:ERROR:process_memory_win.cc(73)] ReadMemory at 0x7ffd487b0000 of 64 bytes failed: Only part of a ReadProcessMemory or WriteProcessMemory request was completed. (0x12B)
[0517/144055.140:WARNING:pe_image_reader.cc(340)] could not read dos header from C:\windows\system32\combase.dll
[0517/144055.141:ERROR:process_memory_win.cc(73)] ReadMemory at 0x7ffd3e8a0000 of 64 bytes failed: Only part of a ReadProcessMemory or WriteProcessMemory request was completed. (0x12B)
[0517/144055.141:WARNING:pe_image_reader.cc(340)] could not read dos header from C:\windows\SYSTEM32\WINMMBASE.dll
[0517/144055.141:ERROR:process_memory_win.cc(73)] ReadMemory at 0x7ffd48be0000 of 64 bytes failed: Only part of a ReadProcessMemory or WriteProcessMemory request was completed. (0x12B)
[0517/144055.141:WARNING:pe_image_reader.cc(340)] could not read dos header from C:\windows\system32\USER32.dll
[0517/144055.141:ERROR:process_memory_win.cc(73)] ReadMemory at 0x7ffd468b0000 of 64 bytes failed: Only part of a ReadProcessMemory or WriteProcessMemory request was completed. (0x12B)
[0517/144055.141:WARNING:pe_image_reader.cc(340)] could not read dos header from C:\windows\SYSTEM32\profapi.dll
[0517/144055.141:ERROR:process_memory_win.cc(73)] ReadMemory at 0x7ffd46960000 of 64 bytes failed: Only part of a ReadProcessMemory or WriteProcessMemory request was completed. (0x12B)
[0517/144055.141:WARNING:pe_image_reader.cc(340)] could not read dos header from C:\windows\system32\MSASN1.dll
[0517/144055.141:ERROR:process_memory_win.cc(73)] ReadMemory at 0x7ffd469b0000 of 64 bytes failed: Only part of a ReadProcessMemory or WriteProcessMemory request was completed. (0x12B)
[0517/144055.142:WARNING:pe_image_reader.cc(340)] could not read dos header from C:\windows\SYSTEM32\cfgmgr32.dll
[0517/144055.142:ERROR:process_memory_win.cc(73)] ReadMemory at 0x7ffd45470000 of 64 bytes failed: Only part of a ReadProcessMemory or WriteProcessMemory request was completed. (0x12B)
[0517/144055.142:WARNING:pe_image_reader.cc(340)] could not read dos header from C:\windows\SYSTEM32\DEVOBJ.dll
[0517/144055.142:ERROR:process_memory_win.cc(73)] ReadMemory at 0x7ffd48660000 of 64 bytes failed: Only part of a ReadProcessMemory or WriteProcessMemory request was completed. (0x12B)
[0517/144055.142:WARNING:pe_image_reader.cc(340)] could not read dos header from C:\windows\system32\GDI32.dll
[0517/144055.142:ERROR:process_memory_win.cc(73)] ReadMemory at 0x636a240000 of 64 bytes failed: Only part of a ReadProcessMemory or WriteProcessMemory request was completed. (0x12B)
[0517/144055.142:WARNING:pe_image_reader.cc(340)] could not read dos header from C:\windows\system32\IMM32.DLL
[0517/144055.142:ERROR:process_memory_win.cc(73)] ReadMemory at 0x636a8e0000 of 64 bytes failed: Only part of a ReadProcessMemory or WriteProcessMemory request was completed. (0x12B)
[0517/144055.142:WARNING:pe_image_reader.cc(340)] could not read dos header from C:\windows\system32\MSCTF.dll
[0517/144055.142:ERROR:process_memory_win.cc(73)] ReadMemory at 0x7ffd46780000 of 64 bytes failed: Only part of a ReadProcessMemory or WriteProcessMemory request was completed. (0x12B)
[0517/144055.142:WARNING:pe_image_reader.cc(340)] could not read dos header from C:\windows\SYSTEM32\CRYPTBASE.DLL
[0517/144055.142:ERROR:process_memory_win.cc(73)] ReadMemory at 0x7ffd46710000 of 64 bytes failed: Only part of a ReadProcessMemory or WriteProcessMemory request was completed. (0x12B)
[0517/144055.143:WARNING:pe_image_reader.cc(340)] could not read dos header from C:\windows\SYSTEM32\bcryptPrimitives.dll
[0517/144055.608:ERROR:process_memory_win.cc(73)] ReadMemory at 0x6369fe2000 of 57344 bytes failed: Only part of a ReadProcessMemory or WriteProcessMemory request was completed. (0x12B)
[0517/144056.033:ERROR:process_memory_win.cc(73)] ReadMemory at 0x636c82d000 of 12288 bytes failed: Only part of a ReadProcessMemory or WriteProcessMemory request was completed. (0x12B)
[0517/144056.033:ERROR:process_memory_win.cc(73)] ReadMemory at 0x636d82c000 of 16384 bytes failed: Only part of a ReadProcessMemory or WriteProcessMemory request was completed. (0x12B)
[0517/144056.034:ERROR:process_memory_win.cc(73)] ReadMemory at 0x636e02c000 of 16384 bytes failed: Only part of a ReadProcessMemory or WriteProcessMemory request was completed. (0x12B)
[0517/144056.034:ERROR:process_memory_win.cc(73)] ReadMemory at 0x636e82e000 of 8192 bytes failed: Only part of a ReadProcessMemory or WriteProcessMemory request was completed. (0x12B)
[0517/144056.034:ERROR:process_memory_win.cc(73)] ReadMemory at 0x636f02d000 of 12288 bytes failed: Only part of a ReadProcessMemory or WriteProcessMemory request was completed. (0x12B)
[0517/144056.035:ERROR:process_memory_win.cc(73)] ReadMemory at 0x636fa2b000 of 20480 bytes failed: Only part of a ReadProcessMemory or WriteProcessMemory request was completed. (0x12B)
[0517/144056.035:ERROR:process_memory_win.cc(73)] ReadMemory at 0x637022d000 of 12288 bytes failed: Only part of a ReadProcessMemory or WriteProcessMemory request was completed. (0x12B)
[0517/144056.035:ERROR:process_memory_win.cc(73)] ReadMemory at 0x6370c26000 of 40960 bytes failed: Only part of a ReadProcessMemory or WriteProcessMemory request was completed. (0x12B)
[0517/144056.035:ERROR:process_memory_win.cc(73)] ReadMemory at 0x637142d000 of 12288 bytes failed: Only part of a ReadProcessMemory or WriteProcessMemory request was completed. (0x12B)
[0517/144056.036:ERROR:process_memory_win.cc(73)] ReadMemory at 0x636d02d000 of 12288 bytes failed: Only part of a ReadProcessMemory or WriteProcessMemory request was completed. (0x12B)
[0517/144056.036:ERROR:process_memory_win.cc(73)] ReadMemory at 0x637297c000 of 16384 bytes failed: Only part of a ReadProcessMemory or WriteProcessMemory request was completed. (0x12B)
[0517/144056.036:ERROR:process_memory_win.cc(73)] ReadMemory at 0x637570d000 of 12288 bytes failed: Only part of a ReadProcessMemory or WriteProcessMemory request was completed. (0x12B)
[0517/144056.036:ERROR:process_memory_win.cc(73)] ReadMemory at 0x6371d7d000 of 12288 bytes failed: Only part of a ReadProcessMemory or WriteProcessMemory request was completed. (0x12B)
[0517/144056.037:ERROR:process_memory_win.cc(73)] ReadMemory at 0x6376ede000 of 8192 bytes failed: Only part of a ReadProcessMemory or WriteProcessMemory request was completed. (0x12B)
[0517/144056.037:ERROR:process_memory_win.cc(73)] ReadMemory at 0x636a120860 of 15884 bytes failed: Only part of a ReadProcessMemory or WriteProcessMemory request was completed. (0x12B)
[0517/144056.037:ERROR:process_memory_win.cc(73)] ReadMemory at 0x636a124680 of 1012 bytes failed: Only part of a ReadProcessMemory or WriteProcessMemory request was completed. (0x12B)
[0517/144056.037:ERROR:process_memory_win.cc(73)] ReadMemory at 0x636a124c98 of 118 bytes failed: Only part of a ReadProcessMemory or WriteProcessMemory request was completed. (0x12B)
[0517/144056.038:ERROR:process_memory_win.cc(73)] ReadMemory at 0x636a124d10 of 678 bytes failed: Only part of a ReadProcessMemory or WriteProcessMemory request was completed. (0x12B)
[0517/144056.038:ERROR:process_memory_win.cc(73)] ReadMemory at 0x636a124fb8 of 118 bytes failed: Only part of a ReadProcessMemory or WriteProcessMemory request was completed. (0x12B)
[0517/144056.038:ERROR:process_memory_win.cc(73)] ReadMemory at 0x636a125030 of 98 bytes failed: Only part of a ReadProcessMemory or WriteProcessMemory request was completed. (0x12B)
[0517/144056.038:ERROR:process_memory_win.cc(73)] ReadMemory at 0x636a1250a0 of 58 bytes failed: Only part of a ReadProcessMemory or WriteProcessMemory request was completed. (0x12B)
[0517/144056.038:ERROR:process_memory_win.cc(73)] ReadMemory at 0x636a1251a0 of 132 bytes failed: Only part of a ReadProcessMemory or WriteProcessMemory request was completed. (0x12B)
[0517/144056.038:ERROR:process_memory_win.cc(73)] ReadMemory at 0x636a125320 of 132 bytes failed: Only part of a ReadProcessMemory or WriteProcessMemory request was completed. (0x12B)
[0517/144056.039:ERROR:process_memory_win.cc(73)] ReadMemory at 0x636a125530 of 126 bytes failed: Only part of a ReadProcessMemory or WriteProcessMemory request was completed. (0x12B)
[0517/144056.039:ERROR:process_memory_win.cc(73)] ReadMemory at 0x636a125820 of 64 bytes failed: Only part of a ReadProcessMemory or WriteProcessMemory request was completed. (0x12B)
[0517/144056.039:ERROR:process_memory_win.cc(73)] ReadMemory at 0x636a125870 of 132 bytes failed: Only part of a ReadProcessMemory or WriteProcessMemory request was completed. (0x12B)
[0517/144056.039:ERROR:process_memory_win.cc(73)] ReadMemory at 0x636a125b30 of 154 bytes failed: Only part of a ReadProcessMemory or WriteProcessMemory request was completed. (0x12B)
[0517/144056.040:ERROR:process_memory_win.cc(73)] ReadMemory at 0x636a125be0 of 68 bytes failed: Only part of a ReadProcessMemory or WriteProcessMemory request was completed. (0x12B)
[0517/144056.040:ERROR:process_memory_win.cc(73)] ReadMemory at 0x636a125c30 of 132 bytes failed: Only part of a ReadProcessMemory or WriteProcessMemory request was completed. (0x12B)
[0517/144056.040:ERROR:process_memory_win.cc(73)] ReadMemory at 0x636a126960 of 132 bytes failed: Only part of a ReadProcessMemory or WriteProcessMemory request was completed. (0x12B)
[0517/144056.040:ERROR:process_memory_win.cc(73)] ReadMemory at 0x636a126bb0 of 62 bytes failed: Only part of a ReadProcessMemory or WriteProcessMemory request was completed. (0x12B)
[0517/144056.040:ERROR:process_memory_win.cc(73)] ReadMemory at 0x636a126c00 of 132 bytes failed: Only part of a ReadProcessMemory or WriteProcessMemory request was completed. (0x12B)
[0517/144056.041:ERROR:process_memory_win.cc(73)] ReadMemory at 0x636a126ed0 of 60 bytes failed: Only part of a ReadProcessMemory or WriteProcessMemory request was completed. (0x12B)
[0517/144056.041:ERROR:process_memory_win.cc(73)] ReadMemory at 0x636a127be0 of 132 bytes failed: Only part of a ReadProcessMemory or WriteProcessMemory request was completed. (0x12B)
[0517/144056.041:ERROR:process_memory_win.cc(73)] ReadMemory at 0x636a127e40 of 54 bytes failed: Only part of a ReadProcessMemory or WriteProcessMemory request was completed. (0x12B)
[0517/144056.042:ERROR:process_memory_win.cc(73)] ReadMemory at 0x636a129730 of 132 bytes failed: Only part of a ReadProcessMemory or WriteProcessMemory request was completed. (0x12B)
[0517/144056.042:ERROR:process_memory_win.cc(73)] ReadMemory at 0x636a129cb0 of 132 bytes failed: Only part of a ReadProcessMemory or WriteProcessMemory request was completed. (0x12B)
[0517/144056.042:ERROR:process_memory_win.cc(73)] ReadMemory at 0x636a129dd0 of 146 bytes failed: Only part of a ReadProcessMemory or WriteProcessMemory request was completed. (0x12B)
[0517/144056.042:ERROR:process_memory_win.cc(73)] ReadMemory at 0x636a12c400 of 132 bytes failed: Only part of a ReadProcessMemory or WriteProcessMemory request was completed. (0x12B)
[0517/144056.043:ERROR:process_memory_win.cc(73)] ReadMemory at 0x636a12c710 of 80 bytes failed: Only part of a ReadProcessMemory or WriteProcessMemory request was completed. (0x12B)
[0517/144056.124:ERROR:process_memory_win.cc(73)] ReadMemory at 0x636a12d1d0 of 132 bytes failed: Only part of a ReadProcessMemory or WriteProcessMemory request was completed. (0x12B)
[0517/144056.152:ERROR:process_memory_win.cc(73)] ReadMemory at 0x636a12d2f0 of 132 bytes failed: Only part of a ReadProcessMemory or WriteProcessMemory request was completed. (0x12B)
[0517/144056.152:ERROR:process_memory_win.cc(73)] ReadMemory at 0x636a12d5d0 of 60 bytes failed: Only part of a ReadProcessMemory or WriteProcessMemory request was completed. (0x12B)
[0517/144056.202:ERROR:process_memory_win.cc(73)] ReadMemory at 0x636a12d620 of 62 bytes failed: Only part of a ReadProcessMemory or WriteProcessMemory request was completed. (0x12B)
[0517/144056.203:ERROR:process_memory_win.cc(73)] ReadMemory at 0x636a12d670 of 60 bytes failed: Only part of a ReadProcessMemory or WriteProcessMemory request was completed. (0x12B)
[0517/144056.203:ERROR:process_memory_win.cc(73)] ReadMemory at 0x636a12d6c0 of 62 bytes failed: Only part of a ReadProcessMemory or WriteProcessMemory request was completed. (0x12B)
[0517/144056.203:ERROR:process_memory_win.cc(73)] ReadMemory at 0x636a12d710 of 62 bytes failed: Only part of a ReadProcessMemory or WriteProcessMemory request was completed. (0x12B)
[0517/144056.203:ERROR:process_memory_win.cc(73)] ReadMemory at 0x636a12d760 of 64 bytes failed: Only part of a ReadProcessMemory or WriteProcessMemory request was completed. (0x12B)
[0517/144056.203:ERROR:process_memory_win.cc(73)] ReadMemory at 0x636a12d7b0 of 64 bytes failed: Only part of a ReadProcessMemory or WriteProcessMemory request was completed. (0x12B)
[0517/144056.203:ERROR:process_memory_win.cc(73)] ReadMemory at 0x636a12d800 of 62 bytes failed: Only part of a ReadProcessMemory or WriteProcessMemory request was completed. (0x12B)
[0517/144056.203:ERROR:process_memory_win.cc(73)] ReadMemory at 0x636a12d850 of 60 bytes failed: Only part of a ReadProcessMemory or WriteProcessMemory request was completed. (0x12B)
[0517/144056.203:ERROR:process_memory_win.cc(73)] ReadMemory at 0x636a12d8a0 of 62 bytes failed: Only part of a ReadProcessMemory or WriteProcessMemory request was completed. (0x12B)
[0517/144056.203:ERROR:process_memory_win.cc(73)] ReadMemory at 0x636a12d8f0 of 62 bytes failed: Only part of a ReadProcessMemory or WriteProcessMemory request was completed. (0x12B)
[0517/144056.204:ERROR:process_memory_win.cc(73)] ReadMemory at 0x636a12d940 of 62 bytes failed: Only part of a ReadProcessMemory or WriteProcessMemory request was completed. (0x12B)
[0517/144056.204:ERROR:process_memory_win.cc(73)] ReadMemory at 0x636a12d990 of 64 bytes failed: Only part of a ReadProcessMemory or WriteProcessMemory request was completed. (0x12B)
[0517/144056.204:ERROR:process_memory_win.cc(73)] ReadMemory at 0x636a12d9e0 of 62 bytes failed: Only part of a ReadProcessMemory or WriteProcessMemory request was completed. (0x12B)
[0517/144056.204:ERROR:process_memory_win.cc(73)] ReadMemory at 0x636a12da30 of 60 bytes failed: Only part of a ReadProcessMemory or WriteProcessMemory request was completed. (0x12B)
[0517/144056.204:ERROR:process_memory_win.cc(73)] ReadMemory at 0x636a12da80 of 64 bytes failed: Only part of a ReadProcessMemory or WriteProcessMemory request was completed. (0x12B)
[0517/144056.204:ERROR:process_memory_win.cc(73)] ReadMemory at 0x636a12dad0 of 62 bytes failed: Only part of a ReadProcessMemory or WriteProcessMemory request was completed. (0x12B)
[0517/144056.204:ERROR:process_memory_win.cc(73)] ReadMemory at 0x636a12db20 of 66 bytes failed: Only part of a ReadProcessMemory or WriteProcessMemory request was completed. (0x12B)
[0517/144056.204:ERROR:process_memory_win.cc(73)] ReadMemory at 0x636a12db70 of 60 bytes failed: Only part of a ReadProcessMemory or WriteProcessMemory request was completed. (0x12B)
[0517/144056.204:ERROR:process_memory_win.cc(73)] ReadMemory at 0x636a12dc10 of 60 bytes failed: Only part of a ReadProcessMemory or WriteProcessMemory request was completed. (0x12B)
[0517/144056.204:ERROR:process_memory_win.cc(73)] ReadMemory at 0x636a12dc60 of 64 bytes failed: Only part of a ReadProcessMemory or WriteProcessMemory request was completed. (0x12B)
[0517/144056.204:ERROR:process_memory_win.cc(73)] ReadMemory at 0x636a12dcb0 of 64 bytes failed: Only part of a ReadProcessMemory or WriteProcessMemory request was completed. (0x12B)
[0517/144056.205:ERROR:process_memory_win.cc(73)] ReadMemory at 0x636a12dd00 of 58 bytes failed: Only part of a ReadProcessMemory or WriteProcessMemory request was completed. (0x12B)
[0517/144056.205:ERROR:process_memory_win.cc(73)] ReadMemory at 0x636a12ff90 of 132 bytes failed: Only part of a ReadProcessMemory or WriteProcessMemory request was completed. (0x12B)
[0517/144056.205:ERROR:process_memory_win.cc(73)] ReadMemory at 0x636a1300b0 of 132 bytes failed: Only part of a ReadProcessMemory or WriteProcessMemory request was completed. (0x12B)
[0517/144056.205:ERROR:process_memory_win.cc(73)] ReadMemory at 0x636a1301d0 of 132 bytes failed: Only part of a ReadProcessMemory or WriteProcessMemory request was completed. (0x12B)
[0517/144056.205:ERROR:process_memory_win.cc(73)] ReadMemory at 0x636a1302f0 of 132 bytes failed: Only part of a ReadProcessMemory or WriteProcessMemory request was completed. (0x12B)
[0517/144056.205:ERROR:process_memory_win.cc(73)] ReadMemory at 0x636a130410 of 132 bytes failed: Only part of a ReadProcessMemory or WriteProcessMemory request was completed. (0x12B)
[0517/144056.205:ERROR:process_memory_win.cc(73)] ReadMemory at 0x636a130860 of 512 bytes failed: Only part of a ReadProcessMemory or WriteProcessMemory request was completed. (0x12B)
[0517/144056.205:ERROR:process_memory_win.cc(73)] ReadMemory at 0x636a130b20 of 132 bytes failed: Only part of a ReadProcessMemory or WriteProcessMemory request was completed. (0x12B)
[0517/144056.205:ERROR:process_memory_win.cc(73)] ReadMemory at 0x636a130c40 of 132 bytes failed: Only part of a ReadProcessMemory or WriteProcessMemory request was completed. (0x12B)
[0517/144056.205:ERROR:process_memory_win.cc(73)] ReadMemory at 0x636a130d60 of 132 bytes failed: Only part of a ReadProcessMemory or WriteProcessMemory request was completed. (0x12B)
[0517/144056.205:ERROR:process_memory_win.cc(73)] ReadMemory at 0x636a130e80 of 132 bytes failed: Only part of a ReadProcessMemory or WriteProcessMemory request was completed. (0x12B)
[0517/144056.206:ERROR:process_memory_win.cc(73)] ReadMemory at 0x636a130fa0 of 132 bytes failed: Only part of a ReadProcessMemory or WriteProcessMemory request was completed. (0x12B)
[0517/144056.249:ERROR:process_memory_win.cc(73)] ReadMemory at 0x636a1310c0 of 132 bytes failed: Only part of a ReadProcessMemory or WriteProcessMemory request was completed. (0x12B)
[0517/144056.249:ERROR:process_memory_win.cc(73)] ReadMemory at 0x636a1311e0 of 132 bytes failed: Only part of a ReadProcessMemory or WriteProcessMemory request was completed. (0x12B)
[0517/144056.250:ERROR:process_memory_win.cc(73)] ReadMemory at 0x636a131300 of 132 bytes failed: Only part of a ReadProcessMemory or WriteProcessMemory request was completed. (0x12B)
[0517/144056.250:ERROR:process_memory_win.cc(73)] ReadMemory at 0x636a131420 of 132 bytes failed: Only part of a ReadProcessMemory or WriteProcessMemory request was completed. (0x12B)
[0517/144056.250:ERROR:process_memory_win.cc(73)] ReadMemory at 0x636a131540 of 132 bytes failed: Only part of a ReadProcessMemory or WriteProcessMemory request was completed. (0x12B)
[0517/144056.250:ERROR:process_memory_win.cc(73)] ReadMemory at 0x636a131660 of 132 bytes failed: Only part of a ReadProcessMemory or WriteProcessMemory request was completed. (0x12B)
[0517/144056.250:ERROR:process_memory_win.cc(73)] ReadMemory at 0x636a131780 of 132 bytes failed: Only part of a ReadProcessMemory or WriteProcessMemory request was completed. (0x12B)
[0517/144056.250:ERROR:process_memory_win.cc(73)] ReadMemory at 0x636a1318a0 of 132 bytes failed: Only part of a ReadProcessMemory or WriteProcessMemory request was completed. (0x12B)
[0517/144056.250:ERROR:process_memory_win.cc(73)] ReadMemory at 0x636a132de0 of 80 bytes failed: Only part of a ReadProcessMemory or WriteProcessMemory request was completed. (0x12B)
[0517/144056.250:ERROR:process_memory_win.cc(73)] ReadMemory at 0x636a134220 of 132 bytes failed: Only part of a ReadProcessMemory or WriteProcessMemory request was completed. (0x12B)
[0517/144056.250:ERROR:process_memory_win.cc(73)] ReadMemory at 0x636a134e80 of 132 bytes failed: Only part of a ReadProcessMemory or WriteProcessMemory request was completed. (0x12B)
[0517/144056.250:ERROR:process_memory_win.cc(73)] ReadMemory at 0x636a135300 of 132 bytes failed: Only part of a ReadProcessMemory or WriteProcessMemory request was completed. (0x12B)
[0517/144056.251:ERROR:process_memory_win.cc(73)] ReadMemory at 0x636a135420 of 132 bytes failed: Only part of a ReadProcessMemory or WriteProcessMemory request was completed. (0x12B)
[0517/144056.251:ERROR:process_memory_win.cc(73)] ReadMemory at 0x636a135ae0 of 132 bytes failed: Only part of a ReadProcessMemory or WriteProcessMemory request was completed. (0x12B)
[0517/144056.251:ERROR:process_memory_win.cc(73)] ReadMemory at 0x636a135c00 of 132 bytes failed: Only part of a ReadProcessMemory or WriteProcessMemory request was completed. (0x12B)
[0517/144056.251:ERROR:process_memory_win.cc(73)] ReadMemory at 0x636a135d20 of 132 bytes failed: Only part of a ReadProcessMemory or WriteProcessMemory request was completed. (0x12B)
[0517/144056.251:ERROR:process_memory_win.cc(73)] ReadMemory at 0x636a135e40 of 132 bytes failed: Only part of a ReadProcessMemory or WriteProcessMemory request was completed. (0x12B)
[0517/144056.251:ERROR:process_memory_win.cc(73)] ReadMemory at 0x636a135f60 of 132 bytes failed: Only part of a ReadProcessMemory or WriteProcessMemory request was completed. (0x12B)
[0517/144056.271:ERROR:process_memory_win.cc(73)] ReadMemory at 0x636a136080 of 132 bytes failed: Only part of a ReadProcessMemory or WriteProcessMemory request was completed. (0x12B)
[0517/144056.271:ERROR:process_memory_win.cc(73)] ReadMemory at 0x636a1370a0 of 64 bytes failed: Only part of a ReadProcessMemory or WriteProcessMemory request was completed. (0x12B)
[0517/144056.272:ERROR:process_memory_win.cc(73)] ReadMemory at 0x636a137190 of 58 bytes failed: Only part of a ReadProcessMemory or WriteProcessMemory request was completed. (0x12B)
[0517/144056.272:ERROR:process_memory_win.cc(73)] ReadMemory at 0x636a1371e0 of 66 bytes failed: Only part of a ReadProcessMemory or WriteProcessMemory request was completed. (0x12B)
[0517/144056.272:ERROR:process_memory_win.cc(73)] ReadMemory at 0x636a137320 of 60 bytes failed: Only part of a ReadProcessMemory or WriteProcessMemory request was completed. (0x12B)
[0517/144056.272:ERROR:process_memory_win.cc(73)] ReadMemory at 0x636a1374b0 of 58 bytes failed: Only part of a ReadProcessMemory or WriteProcessMemory request was completed. (0x12B)
[0517/144056.272:ERROR:process_memory_win.cc(73)] ReadMemory at 0x636a137af0 of 58 bytes failed: Only part of a ReadProcessMemory or WriteProcessMemory request was completed. (0x12B)
[0517/144056.272:ERROR:process_memory_win.cc(73)] ReadMemory at 0x636a13d1b0 of 512 bytes failed: Only part of a ReadProcessMemory or WriteProcessMemory request was completed. (0x12B)
[0517/144056.272:ERROR:process_memory_win.cc(73)] ReadMemory at 0x636a290d60 of 512 bytes failed: Only part of a ReadProcessMemory or WriteProcessMemory request was completed. (0x12B)
[0517/144056.272:ERROR:process_memory_win.cc(73)] ReadMemory at 0x636aa67410 of 560 bytes failed: Only part of a ReadProcessMemory or WriteProcessMemory request was completed. (0x12B)
[0517/144056.272:ERROR:process_memory_win.cc(73)] ReadMemory at 0x636aa767b0 of 512 bytes failed: Only part of a ReadProcessMemory or WriteProcessMemory request was completed. (0x12B)
[0517/144056.273:ERROR:process_memory_win.cc(73)] ReadMemory at 0x636aa91b90 of 712 bytes failed: Only part of a ReadProcessMemory or WriteProcessMemory request was completed. (0x12B)
[0517/144056.273:ERROR:process_memory_win.cc(73)] ReadMemory at 0x636aa93a30 of 512 bytes failed: Only part of a ReadProcessMemory or WriteProcessMemory request was completed. (0x12B)
[0517/144056.273:ERROR:process_memory_win.cc(73)] ReadMemory at 0x636aa93e10 of 512 bytes failed: Only part of a ReadProcessMemory or WriteProcessMemory request was completed. (0x12B)
[0517/144056.273:ERROR:process_memory_win.cc(73)] ReadMemory at 0x636aa959d0 of 512 bytes failed: Only part of a ReadProcessMemory or WriteProcessMemory request was completed. (0x12B)
[0517/144056.273:ERROR:process_memory_win.cc(73)] ReadMemory at 0x636aaa52e0 of 512 bytes failed: Only part of a ReadProcessMemory or WriteProcessMemory request was completed. (0x12B)
[0517/144056.273:ERROR:process_memory_win.cc(73)] ReadMemory at 0x636f068d80 of 512 bytes failed: Only part of a ReadProcessMemory or WriteProcessMemory request was completed. (0x12B)
[0517/144056.273:ERROR:process_memory_win.cc(73)] ReadMemory at 0x636f13d0f8 of 512 bytes failed: Only part of a ReadProcessMemory or WriteProcessMemory request was completed. (0x12B)
[0517/144056.273:ERROR:process_memory_win.cc(73)] ReadMemory at 0x6371e7e030 of 896 bytes failed: Only part of a ReadProcessMemory or WriteProcessMemory request was completed. (0x12B)
[0517/144056.273:ERROR:process_memory_win.cc(73)] ReadMemory at 0x6371e814b0 of 512 bytes failed: Only part of a ReadProcessMemory or WriteProcessMemory request was completed. (0x12B)
[0517/144056.273:ERROR:process_memory_win.cc(73)] ReadMemory at 0x6372016980 of 512 bytes failed: Only part of a ReadProcessMemory or WriteProcessMemory request was completed. (0x12B)
[0517/144056.274:ERROR:process_memory_win.cc(73)] ReadMemory at 0x63737c6890 of 512 bytes failed: Only part of a ReadProcessMemory or WriteProcessMemory request was completed. (0x12B)
[0517/144056.274:ERROR:process_memory_win.cc(73)] ReadMemory at 0x6373f47fd0 of 512 bytes failed: Only part of a ReadProcessMemory or WriteProcessMemory request was completed. (0x12B)
[0517/144056.274:ERROR:process_memory_win.cc(73)] ReadMemory at 0x7bc300000000 of 384 bytes failed: Only part of a ReadProcessMemory or WriteProcessMemory request was completed. (0x12B)
[0517/144056.274:ERROR:process_memory_win.cc(73)] ReadMemory at 0x7bc3001caf60 of 714 bytes failed: Only part of a ReadProcessMemory or WriteProcessMemory request was completed. (0x12B)
[0517/144056.287:ERROR:process_memory_win.cc(73)] ReadMemory at 0x7bc3080400f1 of 924 bytes failed: Only part of a ReadProcessMemory or WriteProcessMemory request was completed. (0x12B)
[0517/144056.287:ERROR:process_memory_win.cc(73)] ReadMemory at 0x7bc3085cf92d of 512 bytes failed: Only part of a ReadProcessMemory or WriteProcessMemory request was completed. (0x12B)
[0517/144056.287:ERROR:process_memory_win.cc(73)] ReadMemory at 0x7bc308698f54 of 512 bytes failed: Only part of a ReadProcessMemory or WriteProcessMemory request was completed. (0x12B)
[0517/144056.287:ERROR:process_memory_win.cc(73)] ReadMemory at 0x7bc308c05759 of 512 bytes failed: Only part of a ReadProcessMemory or WriteProcessMemory request was completed. (0x12B)
[0517/144056.287:ERROR:process_memory_win.cc(73)] ReadMemory at 0x7bc30910adc1 of 512 bytes failed: Only part of a ReadProcessMemory or WriteProcessMemory request was completed. (0x12B)
[0517/144056.287:ERROR:process_memory_win.cc(73)] ReadMemory at 0x7bc30a0e3135 of 512 bytes failed: Only part of a ReadProcessMemory or WriteProcessMemory request was completed. (0x12B)
[0517/144056.287:ERROR:process_memory_win.cc(73)] ReadMemory at 0x7bc30d215ff5 of 512 bytes failed: Only part of a ReadProcessMemory or WriteProcessMemory request was completed. (0x12B)
[0517/144056.287:ERROR:process_memory_win.cc(73)] ReadMemory at 0x7bc30d2196a5 of 512 bytes failed: Only part of a ReadProcessMemory or WriteProcessMemory request was completed. (0x12B)
[0517/144056.287:ERROR:process_memory_win.cc(73)] ReadMemory at 0x7ff7333de000 of 6024 bytes failed: Only part of a ReadProcessMemory or WriteProcessMemory request was completed. (0x12B)
[0517/144056.287:ERROR:process_memory_win.cc(73)] ReadMemory at 0x7ff7333e0000 of 6024 bytes failed: Only part of a ReadProcessMemory or WriteProcessMemory request was completed. (0x12B)
[0517/144056.288:ERROR:process_memory_win.cc(73)] ReadMemory at 0x7ff7333e2000 of 6024 bytes failed: Only part of a ReadProcessMemory or WriteProcessMemory request was completed. (0x12B)
[0517/144056.288:ERROR:process_memory_win.cc(73)] ReadMemory at 0x7ff7333e4000 of 6024 bytes failed: Only part of a ReadProcessMemory or WriteProcessMemory request was completed. (0x12B)
[0517/144056.288:ERROR:process_memory_win.cc(73)] ReadMemory at 0x7ff7333e6000 of 6024 bytes failed: Only part of a ReadProcessMemory or WriteProcessMemory request was completed. (0x12B)
[0517/144056.288:ERROR:process_memory_win.cc(73)] ReadMemory at 0x7ff7333e8000 of 6024 bytes failed: Only part of a ReadProcessMemory or WriteProcessMemory request was completed. (0x12B)
[0517/144056.288:ERROR:process_memory_win.cc(73)] ReadMemory at 0x7ff7333ea000 of 6024 bytes failed: Only part of a ReadProcessMemory or WriteProcessMemory request was completed. (0x12B)
[0517/144056.288:ERROR:process_memory_win.cc(73)] ReadMemory at 0x7ff7333ec000 of 6024 bytes failed: Only part of a ReadProcessMemory or WriteProcessMemory request was completed. (0x12B)
[0517/144056.288:ERROR:process_memory_win.cc(73)] ReadMemory at 0x7ff7333ee000 of 6024 bytes failed: Only part of a ReadProcessMemory or WriteProcessMemory request was completed. (0x12B)
[0517/144056.288:ERROR:process_memory_win.cc(73)] ReadMemory at 0x7ff733513000 of 6024 bytes failed: Only part of a ReadProcessMemory or WriteProcessMemory request was completed. (0x12B)
[0517/144056.331:ERROR:process_memory_win.cc(73)] ReadMemory at 0x7ff733515000 of 852 bytes failed: Only part of a ReadProcessMemory or WriteProcessMemory request was completed. (0x12B)
[0517/144056.331:ERROR:process_memory_win.cc(73)] ReadMemory at 0x7ff733516000 of 6024 bytes failed: Only part of a ReadProcessMemory or WriteProcessMemory request was completed. (0x12B)
[0517/144056.331:ERROR:process_memory_win.cc(73)] ReadMemory at 0x7ff733518000 of 6024 bytes failed: Only part of a ReadProcessMemory or WriteProcessMemory request was completed. (0x12B)
[0517/144056.331:ERROR:process_memory_win.cc(73)] ReadMemory at 0x7ff73351a000 of 6024 bytes failed: Only part of a ReadProcessMemory or WriteProcessMemory request was completed. (0x12B)
[0517/144056.332:ERROR:process_memory_win.cc(73)] ReadMemory at 0x7ff73351c000 of 6024 bytes failed: Only part of a ReadProcessMemory or WriteProcessMemory request was completed. (0x12B)
[0517/144056.332:ERROR:process_memory_win.cc(73)] ReadMemory at 0x7ff73351e000 of 6024 bytes failed: Only part of a ReadProcessMemory or WriteProcessMemory request was completed. (0x12B)
[0517/144056.332:ERROR:process_memory_win.cc(73)] ReadMemory at 0x7ffd18f2716e of 512 bytes failed: Only part of a ReadProcessMemory or WriteProcessMemory request was completed. (0x12B)
[0517/144056.332:ERROR:process_memory_win.cc(73)] ReadMemory at 0x7ffd1afd4e40 of 512 bytes failed: Only part of a ReadProcessMemory or WriteProcessMemory request was completed. (0x12B)
[0517/144056.333:ERROR:process_memory_win.cc(73)] ReadMemory at 0x7ffd1b56971c of 512 bytes failed: Only part of a ReadProcessMemory or WriteProcessMemory request was completed. (0x12B)
[0517/144056.333:ERROR:process_memory_win.cc(73)] ReadMemory at 0x7ffd1f69c320 of 512 bytes failed: Only part of a ReadProcessMemory or WriteProcessMemory request was completed. (0x12B)
[0517/144056.333:ERROR:process_memory_win.cc(73)] ReadMemory at 0x7ffd407e7a55 of 512 bytes failed: Only part of a ReadProcessMemory or WriteProcessMemory request was completed. (0x12B)
[0517/144056.333:ERROR:process_memory_win.cc(73)] ReadMemory at 0x7ffd407e8245 of 512 bytes failed: Only part of a ReadProcessMemory or WriteProcessMemory request was completed. (0x12B)
[0517/144056.333:ERROR:process_memory_win.cc(73)] ReadMemory at 0x7ffd497895e0 of 18 bytes failed: Only part of a ReadProcessMemory or WriteProcessMemory request was completed. (0x12B)
[0517/144056.333:ERROR:process_memory_win.cc(73)] ReadMemory at 0x7ffd4979c7e0 of 512 bytes failed: Only part of a ReadProcessMemory or WriteProcessMemory request was completed. (0x12B)
[0517/144056.334:ERROR:process_memory_win.cc(73)] ReadMemory at 0x7ffd497ba850 of 512 bytes failed: Only part of a ReadProcessMemory or WriteProcessMemory request was completed. (0x12B)
[0517/144056.334:ERROR:process_memory_win.cc(73)] ReadMemory at 0x7ffd498106ca of 592 bytes failed: Only part of a ReadProcessMemory or WriteProcessMemory request was completed. (0x12B)
[0517/144056.334:ERROR:process_memory_win.cc(73)] ReadMemory at 0x7ffd4981214a of 560 bytes failed: Only part of a ReadProcessMemory or WriteProcessMemory request was completed. (0x12B)
[0517/144056.334:ERROR:process_memory_win.cc(73)] ReadMemory at 0x7ffd498146cb of 512 bytes failed: Only part of a ReadProcessMemory or WriteProcessMemory request was completed. (0x12B)
[0517/144056.334:ERROR:process_memory_win.cc(73)] ReadMemory at 0x7ffd498ae8a8 of 40 bytes failed: Only part of a ReadProcessMemory or WriteProcessMemory request was completed. (0x12B)
[0517/144056.335:ERROR:process_memory_win.cc(73)] ReadMemory at 0x7ffd498aebe0 of 48 bytes failed: Only part of a ReadProcessMemory or WriteProcessMemory request was completed. (0x12B)
[0517/144056.335:ERROR:process_memory_win.cc(73)] ReadMemory at 0x7ffd498b1320 of 64 bytes failed: Only part of a ReadProcessMemory or WriteProcessMemory request was completed. (0x12B)
[0517/144056.709:ERROR:scoped_process_suspend.cc(40)] NtResumeProcess: An attempt was made to access an exiting process. (0xc000010a)
